This is pdfTeX, Version 3.141592653-2.6-1.40.25 (MiKTeX 24.1) (preloaded format=pdflatex 2024.2.1)  1 FEB 2024 10:41
entering extended mode
 restricted \write18 enabled.
 %&-line parsing enabled.
**./maquetacion.tex
(maquetacion.tex
LaTeX2e <2023-11-01> patch level 1
L3 programming layer <2024-01-04>
(C:\Users\Admin\AppData\Local\Programs\MiKTeX\tex/latex/base\article.cls
Document Class: article 2023/05/17 v1.4n Standard LaTeX document class
(C:\Users\Admin\AppData\Local\Programs\MiKTeX\tex/latex/base\size10.clo
File: size10.clo 2023/05/17 v1.4n Standard LaTeX file (size option)
)
\c@part=\count187
\c@section=\count188
\c@subsection=\count189
\c@subsubsection=\count190
\c@paragraph=\count191
\c@subparagraph=\count192
\c@figure=\count193
\c@table=\count194
\abovecaptionskip=\skip48
\belowcaptionskip=\skip49
\bibindent=\dimen140
)
(C:\Users\Admin\AppData\Local\Programs\MiKTeX\tex/latex/pdfpages\pdfpages.sty
Package: pdfpages 2024/01/21 v0.5y Insert pages of external PDF documents (AM)

(C:\Users\Admin\AppData\Local\Programs\MiKTeX\tex/latex/base\ifthen.sty
Package: ifthen 2022/04/13 v1.1d Standard LaTeX ifthen package (DPC)
)
(C:\Users\Admin\AppData\Local\Programs\MiKTeX\tex/latex/tools\calc.sty
Package: calc 2023/07/08 v4.3 Infix arithmetic (KKT,FJ)
\calc@Acount=\count195
\calc@Bcount=\count196
\calc@Adimen=\dimen141
\calc@Bdimen=\dimen142
\calc@Askip=\skip50
\calc@Bskip=\skip51
LaTeX Info: Redefining \setlength on input line 80.
LaTeX Info: Redefining \addtolength on input line 81.
\calc@Ccount=\count197
\calc@Cskip=\skip52
)
(C:\Users\Admin\AppData\Local\Programs\MiKTeX\tex/latex/eso-pic\eso-pic.sty
Package: eso-pic 2023/05/03 v3.0c eso-pic (RN)
\ESO@tempdima=\dimen143
\ESO@tempdimb=\dimen144

(C:\Users\Admin\AppData\Local\Programs\MiKTeX\tex/latex/graphics\keyval.sty
Package: keyval 2022/05/29 v1.15 key=value parser (DPC)
\KV@toks@=\toks17
)
(C:\Users\Admin\AppData\Local\Programs\MiKTeX\tex/latex/xcolor\xcolor.sty
Package: xcolor 2023/11/15 v3.01 LaTeX color extensions (UK)

(C:\Users\Admin\AppData\Local\Programs\MiKTeX\tex/latex/graphics-cfg\color.cfg
File: color.cfg 2016/01/02 v1.6 sample color configuration
)
Package xcolor Info: Driver file: pdftex.def on input line 274.

(C:\Users\Admin\AppData\Local\Programs\MiKTeX\tex/latex/graphics-def\pdftex.def
File: pdftex.def 2022/09/22 v1.2b Graphics/color driver for pdftex
)
(C:\Users\Admin\AppData\Local\Programs\MiKTeX\tex/latex/graphics\mathcolor.ltx)
Package xcolor Info: Model `cmy' substituted by `cmy0' on input line 1350.
Package xcolor Info: Model `hsb' substituted by `rgb' on input line 1354.
Package xcolor Info: Model `RGB' extended on input line 1366.
Package xcolor Info: Model `HTML' substituted by `rgb' on input line 1368.
Package xcolor Info: Model `Hsb' substituted by `hsb' on input line 1369.
Package xcolor Info: Model `tHsb' substituted by `hsb' on input line 1370.
Package xcolor Info: Model `HSB' substituted by `hsb' on input line 1371.
Package xcolor Info: Model `Gray' substituted by `gray' on input line 1372.
Package xcolor Info: Model `wave' substituted by `hsb' on input line 1373.
))
(C:\Users\Admin\AppData\Local\Programs\MiKTeX\tex/latex/graphics\graphicx.sty
Package: graphicx 2021/09/16 v1.2d Enhanced LaTeX Graphics (DPC,SPQR)

(C:\Users\Admin\AppData\Local\Programs\MiKTeX\tex/latex/graphics\graphics.sty
Package: graphics 2022/03/10 v1.4e Standard LaTeX Graphics (DPC,SPQR)

(C:\Users\Admin\AppData\Local\Programs\MiKTeX\tex/latex/graphics\trig.sty
Package: trig 2021/08/11 v1.11 sin cos tan (DPC)
)
(C:\Users\Admin\AppData\Local\Programs\MiKTeX\tex/latex/graphics-cfg\graphics.c
fg
File: graphics.cfg 2016/06/04 v1.11 sample graphics configuration
)
Package graphics Info: Driver file: pdftex.def on input line 107.
)
\Gin@req@height=\dimen145
\Gin@req@width=\dimen146
)
\AM@pagewidth=\dimen147
\AM@pageheight=\dimen148
\AM@fboxrule=\dimen149

(C:\Users\Admin\AppData\Local\Programs\MiKTeX\tex/latex/pdfpages\pppdftex.def
File: pppdftex.def 2024/01/21 v0.5y Pdfpages driver for pdfTeX (AM)
)
\pdfpages@includegraphics@status=\count198
\AM@pagebox=\box51
\AM@global@opts=\toks18
\AM@pagecnt=\count199
\AM@toc@title=\toks19
\AM@lof@heading=\toks20
\c@AM@survey=\count266
\AM@templatesizebox=\box52
) (C:\Users\Admin\AppData\Local\Programs\MiKTeX\tex/generic/babel\babel.sty
Package: babel 2024/01/07 v24.1 The Babel package
\babel@savecnt=\count267
\U@D=\dimen150
\l@unhyphenated=\language79

(C:\Users\Admin\AppData\Local\Programs\MiKTeX\tex/generic/babel\txtbabel.def)
\bbl@readstream=\read2
\bbl@dirlevel=\count268

*************************************
* Local config file bblopts.cfg used
*
(C:\Users\Admin\AppData\Local\Programs\MiKTeX\tex/latex/arabi\bblopts.cfg
File: bblopts.cfg 2005/09/08 v0.1 add Arabic and Farsi to "declared" options of
 babel
)
(C:\Users\Admin\AppData\Local\Programs\MiKTeX\tex/latex/babel-spanish\spanish.l
df
Language: spanish.ldf 2021/05/27 v5.0q Spanish support from the babel system
\es@quottoks=\toks21
\es@quotdepth=\count269
Package babel Info: Making " an active character on input line 570.
Package babel Info: Making . an active character on input line 675.
Package babel Info: Making < an active character on input line 722.
Package babel Info: Making > an active character on input line 722.
))
(C:\Users\Admin\AppData\Local\Programs\MiKTeX\tex/generic/babel/locale/es\babel
-spanish.tex
Package babel Info: Importing font and identification data for spanish
(babel)             from babel-es.ini. Reported on input line 11.
)
(C:\Users\Admin\AppData\Local\Programs\MiKTeX\tex/latex/l3backend\l3backend-pdf
tex.def
File: l3backend-pdftex.def 2024-01-04 L3 backend support: PDF output (pdfTeX)
\l__color_backend_stack_int=\count270
\l__pdf_internal_box=\box53
) (maquetacion.aux
LaTeX Info: Redefining \. on input line 8.
LaTeX Info: Redefining \% on input line 8.
)
\openout1 = `maquetacion.aux'.

LaTeX Font Info:    Checking defaults for OML/cmm/m/it on input line 5.
LaTeX Font Info:    ... okay on input line 5.
LaTeX Font Info:    Checking defaults for OMS/cmsy/m/n on input line 5.
LaTeX Font Info:    ... okay on input line 5.
LaTeX Font Info:    Checking defaults for OT1/cmr/m/n on input line 5.
LaTeX Font Info:    ... okay on input line 5.
LaTeX Font Info:    Checking defaults for T1/cmr/m/n on input line 5.
LaTeX Font Info:    ... okay on input line 5.
LaTeX Font Info:    Checking defaults for TS1/cmr/m/n on input line 5.
LaTeX Font Info:    ... okay on input line 5.
LaTeX Font Info:    Checking defaults for OMX/cmex/m/n on input line 5.
LaTeX Font Info:    ... okay on input line 5.
LaTeX Font Info:    Checking defaults for U/cmr/m/n on input line 5.
LaTeX Font Info:    ... okay on input line 5.

(C:\Users\Admin\AppData\Local\Programs\MiKTeX\tex/context/base/mkii\supp-pdf.mk
ii
[Loading MPS to PDF converter (version 2006.09.02).]
\scratchcounter=\count271
\scratchdimen=\dimen151
\scratchbox=\box54
\nofMPsegments=\count272
\nofMParguments=\count273
\everyMPshowfont=\toks22
\MPscratchCnt=\count274
\MPscratchDim=\dimen152
\MPnumerator=\count275
\makeMPintoPDFobject=\count276
\everyMPtoPDFconversion=\toks23
)
(C:\Users\Admin\AppData\Local\Programs\MiKTeX\tex/latex/epstopdf-pkg\epstopdf-b
ase.sty
Package: epstopdf-base 2020-01-24 v2.11 Base part for package epstopdf

(C:\Users\Admin\AppData\Local\Programs\MiKTeX\tex/generic/infwarerr\infwarerr.s
ty
Package: infwarerr 2019/12/03 v1.5 Providing info/warning/error messages (HO)
) (C:\Users\Admin\AppData\Local\Programs\MiKTeX\tex/latex/grfext\grfext.sty
Package: grfext 2019/12/03 v1.3 Manage graphics extensions (HO)

(C:\Users\Admin\AppData\Local\Programs\MiKTeX\tex/generic/kvdefinekeys\kvdefine
keys.sty
Package: kvdefinekeys 2019-12-19 v1.6 Define keys (HO)
))
(C:\Users\Admin\AppData\Local\Programs\MiKTeX\tex/latex/kvoptions\kvoptions.sty
Package: kvoptions 2022-06-15 v3.15 Key value format for package options (HO)
(C:\Users\Admin\AppData\Local\Programs\MiKTeX\tex/generic/ltxcmds\ltxcmds.sty
Package: ltxcmds 2023-12-04 v1.26 LaTeX kernel commands for general use (HO)
)
(C:\Users\Admin\AppData\Local\Programs\MiKTeX\tex/latex/kvsetkeys\kvsetkeys.sty
Package: kvsetkeys 2022-10-05 v1.19 Key value parser (HO)
))
(C:\Users\Admin\AppData\Local\Programs\MiKTeX\tex/generic/pdftexcmds\pdftexcmds
.sty
Package: pdftexcmds 2020-06-27 v0.33 Utility functions of pdfTeX for LuaTeX (HO
)
 (C:\Users\Admin\AppData\Local\Programs\MiKTeX\tex/generic/iftex\iftex.sty
Package: iftex 2022/02/03 v1.0f TeX engine tests
)
Package pdftexcmds Info: \pdf@primitive is available.
Package pdftexcmds Info: \pdf@ifprimitive is available.
Package pdftexcmds Info: \pdfdraftmode found.
)
Package epstopdf-base Info: Redefining graphics rule for `.eps' on input line 4
85.
Package grfext Info: Graphics extension search list:
(grfext)             [.pdf,.png,.jpg,.mps,.jpeg,.jbig2,.jb2,.PDF,.PNG,.JPG,.JPE
G,.JBIG2,.JB2,.eps]
(grfext)             \AppendGraphicsExtensions on input line 504.

(C:\Users\Admin\AppData\Local\Programs\MiKTeX\tex/latex/00miktex\epstopdf-sys.c
fg
File: epstopdf-sys.cfg 2021/03/18 v2.0 Configuration of epstopdf for MiKTeX
))
(C:\Users\Admin\AppData\Local\Programs\MiKTeX\tex/latex/pdflscape\pdflscape.sty
Package: pdflscape 2022-10-27 v0.13 Display of landscape pages in PDF

(C:\Users\Admin\AppData\Local\Programs\MiKTeX\tex/latex/pdflscape\pdflscape-nom
etadata.sty
Package: pdflscape-nometadata 2022-10-28 v0.13 Display of landscape pages in PD
F (HO)

(C:\Users\Admin\AppData\Local\Programs\MiKTeX\tex/latex/graphics\lscape.sty
Package: lscape 2020/05/28 v3.02 Landscape Pages (DPC)
)
Package pdflscape Info: Auto-detected driver: pdftex on input line 81.
))
LaTeX Info: Redefining \. on input line 5.
LaTeX Info: Redefining \% on input line 5.

[1

{C:/Users/Admin/AppData/Local/MiKTeX/fonts/map/pdftex/pdftex.map}]
<lockers.pdf, id=8, 597.51233pt x 845.0471pt>
File: lockers.pdf Graphic file (type pdf)
<use lockers.pdf>
Package pdftex.def Info: lockers.pdf  used on input line 51.
(pdftex.def)             Requested size: 597.51086pt x 845.04504pt.
File: lockers.pdf Graphic file (type pdf)
<use lockers.pdf>
Package pdftex.def Info: lockers.pdf  used on input line 51.
(pdftex.def)             Requested size: 597.51086pt x 845.04504pt.
<lockers.pdf, id=11, page=2, 597.51233pt x 845.0471pt>
File: lockers.pdf Graphic file (type pdf)
<use lockers.pdf, page 2>
Package pdftex.def Info: lockers.pdf , page2 used on input line 51.
(pdftex.def)             Requested size: 597.51086pt x 845.04504pt.
File: lockers.pdf Graphic file (type pdf)
<use lockers.pdf, page 2>
Package pdftex.def Info: lockers.pdf , page2 used on input line 51.
(pdftex.def)             Requested size: 562.12665pt x 795.00201pt.
File: lockers.pdf Graphic file (type pdf)
<use lockers.pdf, page 2>
Package pdftex.def Info: lockers.pdf , page2 used on input line 51.
(pdftex.def)             Requested size: 562.12665pt x 795.00201pt.
File: lockers.pdf Graphic file (type pdf)
<use lockers.pdf, page 2>
Package pdftex.def Info: lockers.pdf , page2 used on input line 51.
(pdftex.def)             Requested size: 562.12665pt x 795.00201pt.
File: lockers.pdf Graphic file (type pdf)
<use lockers.pdf, page 2>
Package pdftex.def Info: lockers.pdf , page2 used on input line 51.
(pdftex.def)             Requested size: 562.12665pt x 795.00201pt.
 [1

 <./lockers.pdf>]
<lockers.pdf, id=28, page=3, 597.51233pt x 845.0471pt>
File: lockers.pdf Graphic file (type pdf)
<use lockers.pdf, page 3>
Package pdftex.def Info: lockers.pdf , page3 used on input line 51.
(pdftex.def)             Requested size: 562.12665pt x 795.00201pt.
File: lockers.pdf Graphic file (type pdf)
<use lockers.pdf, page 3>
Package pdftex.def Info: lockers.pdf , page3 used on input line 51.
(pdftex.def)             Requested size: 562.12665pt x 795.00201pt.
File: lockers.pdf Graphic file (type pdf)
<use lockers.pdf, page 3>
Package pdftex.def Info: lockers.pdf , page3 used on input line 51.
(pdftex.def)             Requested size: 562.12665pt x 795.00201pt.
 [2

 <./lockers.pdf>]
<lockers.pdf, id=34, page=4, 597.51233pt x 845.0471pt>
File: lockers.pdf Graphic file (type pdf)
<use lockers.pdf, page 4>
Package pdftex.def Info: lockers.pdf , page4 used on input line 51.
(pdftex.def)             Requested size: 562.12665pt x 795.00201pt.
File: lockers.pdf Graphic file (type pdf)
<use lockers.pdf, page 4>
Package pdftex.def Info: lockers.pdf , page4 used on input line 51.
(pdftex.def)             Requested size: 562.12665pt x 795.00201pt.
File: lockers.pdf Graphic file (type pdf)
<use lockers.pdf, page 4>
Package pdftex.def Info: lockers.pdf , page4 used on input line 51.
(pdftex.def)             Requested size: 562.12665pt x 795.00201pt.
 [3

 <./lockers.pdf>]
<lockers.pdf, id=40, page=5, 597.51233pt x 845.0471pt>
File: lockers.pdf Graphic file (type pdf)
<use lockers.pdf, page 5>
Package pdftex.def Info: lockers.pdf , page5 used on input line 51.
(pdftex.def)             Requested size: 562.12665pt x 795.00201pt.
File: lockers.pdf Graphic file (type pdf)
<use lockers.pdf, page 5>
Package pdftex.def Info: lockers.pdf , page5 used on input line 51.
(pdftex.def)             Requested size: 562.12665pt x 795.00201pt.
File: lockers.pdf Graphic file (type pdf)
<use lockers.pdf, page 5>
Package pdftex.def Info: lockers.pdf , page5 used on input line 51.
(pdftex.def)             Requested size: 562.12665pt x 795.00201pt.
 [4

 <./lockers.pdf>]
<lockers.pdf, id=46, page=6, 597.51233pt x 845.0471pt>
File: lockers.pdf Graphic file (type pdf)
<use lockers.pdf, page 6>
Package pdftex.def Info: lockers.pdf , page6 used on input line 51.
(pdftex.def)             Requested size: 562.12665pt x 795.00201pt.
File: lockers.pdf Graphic file (type pdf)
<use lockers.pdf, page 6>
Package pdftex.def Info: lockers.pdf , page6 used on input line 51.
(pdftex.def)             Requested size: 562.12665pt x 795.00201pt.
File: lockers.pdf Graphic file (type pdf)
<use lockers.pdf, page 6>
Package pdftex.def Info: lockers.pdf , page6 used on input line 51.
(pdftex.def)             Requested size: 562.12665pt x 795.00201pt.
 [5

 <./lockers.pdf>]
<lockers.pdf, id=52, page=7, 597.51233pt x 845.0471pt>
File: lockers.pdf Graphic file (type pdf)
<use lockers.pdf, page 7>
Package pdftex.def Info: lockers.pdf , page7 used on input line 51.
(pdftex.def)             Requested size: 562.12665pt x 795.00201pt.
File: lockers.pdf Graphic file (type pdf)
<use lockers.pdf, page 7>
Package pdftex.def Info: lockers.pdf , page7 used on input line 51.
(pdftex.def)             Requested size: 562.12665pt x 795.00201pt.
File: lockers.pdf Graphic file (type pdf)
<use lockers.pdf, page 7>
Package pdftex.def Info: lockers.pdf , page7 used on input line 51.
(pdftex.def)             Requested size: 562.12665pt x 795.00201pt.
 [6

 <./lockers.pdf>]
<lockers.pdf, id=59, page=8, 597.51233pt x 845.0471pt>
File: lockers.pdf Graphic file (type pdf)
<use lockers.pdf, page 8>
Package pdftex.def Info: lockers.pdf , page8 used on input line 51.
(pdftex.def)             Requested size: 562.12665pt x 795.00201pt.
File: lockers.pdf Graphic file (type pdf)
<use lockers.pdf, page 8>
Package pdftex.def Info: lockers.pdf , page8 used on input line 51.
(pdftex.def)             Requested size: 562.12665pt x 795.00201pt.
File: lockers.pdf Graphic file (type pdf)
<use lockers.pdf, page 8>
Package pdftex.def Info: lockers.pdf , page8 used on input line 51.
(pdftex.def)             Requested size: 562.12665pt x 795.00201pt.
 [7

 <./lockers.pdf>]
<lockers.pdf, id=65, page=9, 597.51233pt x 845.0471pt>
File: lockers.pdf Graphic file (type pdf)
<use lockers.pdf, page 9>
Package pdftex.def Info: lockers.pdf , page9 used on input line 51.
(pdftex.def)             Requested size: 562.12665pt x 795.00201pt.
File: lockers.pdf Graphic file (type pdf)
<use lockers.pdf, page 9>
Package pdftex.def Info: lockers.pdf , page9 used on input line 51.
(pdftex.def)             Requested size: 562.12665pt x 795.00201pt.
File: lockers.pdf Graphic file (type pdf)
<use lockers.pdf, page 9>
Package pdftex.def Info: lockers.pdf , page9 used on input line 51.
(pdftex.def)             Requested size: 562.12665pt x 795.00201pt.
 [8

 <./lockers.pdf>]
<lockers.pdf, id=71, page=10, 597.51233pt x 845.0471pt>
File: lockers.pdf Graphic file (type pdf)
<use lockers.pdf, page 10>
Package pdftex.def Info: lockers.pdf , page10 used on input line 51.
(pdftex.def)             Requested size: 562.12665pt x 795.00201pt.
File: lockers.pdf Graphic file (type pdf)
<use lockers.pdf, page 10>
Package pdftex.def Info: lockers.pdf , page10 used on input line 51.
(pdftex.def)             Requested size: 562.12665pt x 795.00201pt.
File: lockers.pdf Graphic file (type pdf)
<use lockers.pdf, page 10>
Package pdftex.def Info: lockers.pdf , page10 used on input line 51.
(pdftex.def)             Requested size: 562.12665pt x 795.00201pt.
 [9

 <./lockers.pdf>]
<lockers.pdf, id=77, page=11, 597.51233pt x 845.0471pt>
File: lockers.pdf Graphic file (type pdf)
<use lockers.pdf, page 11>
Package pdftex.def Info: lockers.pdf , page11 used on input line 51.
(pdftex.def)             Requested size: 562.12665pt x 795.00201pt.
File: lockers.pdf Graphic file (type pdf)
<use lockers.pdf, page 11>
Package pdftex.def Info: lockers.pdf , page11 used on input line 51.
(pdftex.def)             Requested size: 562.12665pt x 795.00201pt.
File: lockers.pdf Graphic file (type pdf)
<use lockers.pdf, page 11>
Package pdftex.def Info: lockers.pdf , page11 used on input line 51.
(pdftex.def)             Requested size: 562.12665pt x 795.00201pt.
 [10

 <./lockers.pdf>]
<lockers.pdf, id=83, page=12, 597.51233pt x 845.0471pt>
File: lockers.pdf Graphic file (type pdf)
<use lockers.pdf, page 12>
Package pdftex.def Info: lockers.pdf , page12 used on input line 51.
(pdftex.def)             Requested size: 562.12665pt x 795.00201pt.
File: lockers.pdf Graphic file (type pdf)
<use lockers.pdf, page 12>
Package pdftex.def Info: lockers.pdf , page12 used on input line 51.
(pdftex.def)             Requested size: 562.12665pt x 795.00201pt.
File: lockers.pdf Graphic file (type pdf)
<use lockers.pdf, page 12>
Package pdftex.def Info: lockers.pdf , page12 used on input line 51.
(pdftex.def)             Requested size: 562.12665pt x 795.00201pt.
 [11

 <./lockers.pdf>]
<lockers.pdf, id=89, page=13, 597.51233pt x 845.0471pt>
File: lockers.pdf Graphic file (type pdf)
<use lockers.pdf, page 13>
Package pdftex.def Info: lockers.pdf , page13 used on input line 51.
(pdftex.def)             Requested size: 562.12665pt x 795.00201pt.
File: lockers.pdf Graphic file (type pdf)
<use lockers.pdf, page 13>
Package pdftex.def Info: lockers.pdf , page13 used on input line 51.
(pdftex.def)             Requested size: 562.12665pt x 795.00201pt.
File: lockers.pdf Graphic file (type pdf)
<use lockers.pdf, page 13>
Package pdftex.def Info: lockers.pdf , page13 used on input line 51.
(pdftex.def)             Requested size: 562.12665pt x 795.00201pt.
 [12

 <./lockers.pdf>]
(maquetacion.aux
LaTeX Info: Redefining \. on input line 8.
LaTeX Info: Redefining \% on input line 8.
)
 ***********
LaTeX2e <2023-11-01> patch level 1
L3 programming layer <2024-01-04>
 ***********
 ) 
Here is how much of TeX's memory you used:
 4707 strings out of 474486
 81100 string characters out of 5743756
 1927542 words of memory out of 5000000
 26948 multiletter control sequences out of 15000+600000
 559579 words of font info for 41 fonts, out of 8000000 for 9000
 1141 hyphenation exceptions out of 8191
 72i,17n,79p,257b,428s stack positions out of 10000i,1000n,20000p,200000b,200000s
<C:/Users/Admin/AppData/Local/Programs/MiKTeX/fonts/type1/public/amsfonts/cm/
cmbx12.pfb><C:/Users/Admin/AppData/Local/Programs/MiKTeX/fonts/type1/public/ams
fonts/cm/cmr12.pfb><C:/Users/Admin/AppData/Local/Programs/MiKTeX/fonts/type1/pu
blic/amsfonts/cm/cmr17.pfb>
Output written on maquetacion.pdf (13 pages, 440662 bytes).
PDF statistics:
 110 PDF objects out of 1000 (max. 8388607)
 0 named destinations out of 1000 (max. 500000)
 76 words of extra memory for PDF output out of 10000 (max. 10000000)

